[debug] [2021-06-26T21:29:31.187Z] ----------------------------------------------------------------------
[debug] [2021-06-26T21:29:31.190Z] Command:       C:\Program Files\nodejs\node.exe C:\Users\Bhagat\AppData\Roaming\npm\node_modules\firebase-tools\lib\bin\firebase.js init
[debug] [2021-06-26T21:29:31.190Z] CLI Version:   9.14.0
[debug] [2021-06-26T21:29:31.190Z] Platform:      win32
[debug] [2021-06-26T21:29:31.191Z] Node Version:  v14.16.0
[debug] [2021-06-26T21:29:31.191Z] Time:          Sun Jun 27 2021 02:59:31 GMT+0530 (India Standard Time)
[debug] [2021-06-26T21:29:31.192Z] ----------------------------------------------------------------------
[debug] 
[debug] [2021-06-26T21:29:31.199Z] > command requires scopes: ["email","openid","https://www.googleapis.com/auth/cloudplatformprojects.readonly","https://www.googleapis.com/auth/firebase","https://www.googleapis.com/auth/cloud-platform"]
[debug] [2021-06-26T21:29:31.199Z] > authorizing via signed-in user (bhagat@classplus.co)
[info] 
     ######## #### ########  ######## ########     ###     ######  ########
     ##        ##  ##     ## ##       ##     ##  ##   ##  ##       ##
     ######    ##  ########  ######   ########  #########  ######  ######
     ##        ##  ##    ##  ##       ##     ## ##     ##       ## ##
     ##       #### ##     ## ######## ########  ##     ##  ######  ########

You're about to initialize a Firebase project in this directory:

  E:\classplus\quize\frontend

[info] 
=== Project Setup
[info] 
[info] First, let's associate this project directory with a Firebase project.
[info] You can create multiple project aliases by running firebase use --add, 
[info] but for now we'll just set up a default project.
[info] 
[debug] [2021-06-26T21:29:40.637Z] >>> [apiv2][query] GET https://firebase.googleapis.com/v1beta1/projects pageSize=100
[debug] [2021-06-26T21:29:41.231Z] <<< [apiv2][status] GET https://firebase.googleapis.com/v1beta1/projects 200
[debug] [2021-06-26T21:29:41.232Z] <<< [apiv2][body] GET https://firebase.googleapis.com/v1beta1/projects [omitted]
[info] i  Using project quiz-cp (quiz-cp) 
[info] 
=== Hosting:github Setup
[info] 
[info] i  Didn't detect a .git folder. Assuming E:\classplus\quize\frontend is the project root. 
[info] i  Authorizing with GitHub to upload your service account to a GitHub repository's secrets store. 
[info] 
[info] Visit this URL on this device to log in:
[info] https://github.com/login/oauth/authorize?client_id=89cf50f02ac6aaed3484&state=842665793&redirect_uri=http%3A%2F%2Flocalhost%3A9005&scope=read%3Auser%20repo%20public_repo
[info] 
[info] Waiting for authentication...
