Arguments: 
  C:\Program Files\nodejs\node.exe C:\Users\Bhagat\AppData\Roaming\npm\node_modules\yarn\bin\yarn.js add nodemoon cors

PATH: 
  C:\Program Files\Git\mingw64\bin;C:\Program Files\Git\usr\bin;C:\Users\Bhagat\bin;C:\Program Files (x86)\Common Files\Oracle\Java\javapath;C:\WINDOWS\system32;C:\WINDOWS;C:\WINDOWS\System32\Wbem;C:\WINDOWS\System32\WindowsPowerShell\v1.0;C:\WINDOWS\System32\OpenSSH;C:\Program Files\Git\cmd;C:\Program Files\nodejs;C:\Program Files\Java\jdk1.8.0_192\bin;C:\Program Files\Java\jre1.8.0_192\bin;E:\Program Files (x86)\gradle-6.8.3\bin;C:\Users\Bhagat\AppData\Local\Android\Sdk\build-tools;C:\Users\Bhagat\AppData\Local\Android\Sdk\platform-tools;C:\Program Files (x86)\Intel\Intel(R) Management Engine Components\DAL;C:\Program Files\Intel\Intel(R) Management Engine Components\DAL;C:\Users\Bhagat\AppData\Local\Programs\Python\Python39\Scripts;C:\Users\Bhagat\AppData\Local\Programs\Python\Python39;C:\Users\Bhagat\AppData\Local\Microsoft\WindowsApps;C:\Users\Bhagat\AppData\Local\Programs\Microsoft VS Code\bin;C:\Users\Bhagat\AppData\Local\Programs\Microsoft VS Code Insiders\bin;C:\Users\Bhagat\AppData\Roaming\npm

Yarn version: 
  1.22.10

Node version: 
  14.16.0

Platform: 
  win32 x64

Trace: 
  Error: https://registry.yarnpkg.com/nodemoon: Not found
      at Request.params.callback [as _callback] (C:\Users\Bhagat\AppData\Roaming\npm\node_modules\yarn\lib\cli.js:66988:18)
      at Request.self.callback (C:\Users\Bhagat\AppData\Roaming\npm\node_modules\yarn\lib\cli.js:140662:22)
      at Request.emit (events.js:315:20)
      at Request.<anonymous> (C:\Users\Bhagat\AppData\Roaming\npm\node_modules\yarn\lib\cli.js:141634:10)
      at Request.emit (events.js:315:20)
      at IncomingMessage.<anonymous> (C:\Users\Bhagat\AppData\Roaming\npm\node_modules\yarn\lib\cli.js:141556:12)
      at Object.onceWrapper (events.js:421:28)
      at IncomingMessage.emit (events.js:327:22)
      at endReadableNT (internal/streams/readable.js:1327:12)
      at processTicksAndRejections (internal/process/task_queues.js:80:21)

npm manifest: 
  {
    "name": "backend",
    "version": "1.0.0",
    "description": "",
    "main": "index.js",
    "scripts": {
      "test": "echo \"Error: no test specified\" && exit 1"
    },
    "author": "bhagat singh",
    "license": "ISC"
  }

yarn manifest: 
  No manifest

Lockfile: 
  No lockfile
